<?xml version="1.0" encoding="UTF-8"?>
<!-- Generated by org.testng.reporters.JUnitXMLReporter -->
<testsuite ignored="0" hostname="LAPTOP-O8GG5075" failures="0" tests="4" name="Default test" time="0.959" errors="0" timestamp="2022-11-16T12:18:04 IST">
  <testcase classname="com.bridgelabz.qa.DB_Testing.DB_Test" name="deleteData" time="0.162"/>
  <testcase classname="com.bridgelabz.qa.DB_Testing.DB_Test" name="getTableData" time="0.036"/>
  <testcase classname="com.bridgelabz.qa.DB_Testing.DB_Test" name="insertData" time="0.055"/>
  <testcase classname="com.bridgelabz.qa.DB_Testing.DB_Test" name="updateData" time="0.061"/>
</testsuite> <!-- Default test -->
